[2017-12-18 22:01:19,497] TRACE [Controller 0]: Checking need to trigger auto leader balancing (kafka.controller.KafkaController)
[2017-12-18 22:01:19,500] DEBUG [Controller 0]: Preferred replicas by broker Map() (kafka.controller.KafkaController)
[2017-12-18 22:06:19,501] TRACE [Controller 0]: Checking need to trigger auto leader balancing (kafka.controller.KafkaController)
[2017-12-18 22:06:19,501] DEBUG [Controller 0]: Preferred replicas by broker Map() (kafka.controller.KafkaController)
[2017-12-18 22:11:19,501] TRACE [Controller 0]: Checking need to trigger auto leader balancing (kafka.controller.KafkaController)
[2017-12-18 22:11:19,502] DEBUG [Controller 0]: Preferred replicas by broker Map() (kafka.controller.KafkaController)
[2017-12-18 22:16:19,502] TRACE [Controller 0]: Checking need to trigger auto leader balancing (kafka.controller.KafkaController)
[2017-12-18 22:16:19,503] DEBUG [Controller 0]: Preferred replicas by broker Map() (kafka.controller.KafkaController)
[2017-12-18 22:21:19,504] TRACE [Controller 0]: Checking need to trigger auto leader balancing (kafka.controller.KafkaController)
[2017-12-18 22:21:19,504] DEBUG [Controller 0]: Preferred replicas by broker Map() (kafka.controller.KafkaController)
[2017-12-18 22:26:19,505] TRACE [Controller 0]: Checking need to trigger auto leader balancing (kafka.controller.KafkaController)
[2017-12-18 22:26:19,506] DEBUG [Controller 0]: Preferred replicas by broker Map() (kafka.controller.KafkaController)
[2017-12-18 22:31:19,506] TRACE [Controller 0]: Checking need to trigger auto leader balancing (kafka.controller.KafkaController)
[2017-12-18 22:31:19,507] DEBUG [Controller 0]: Preferred replicas by broker Map() (kafka.controller.KafkaController)
[2017-12-18 22:36:19,508] TRACE [Controller 0]: Checking need to trigger auto leader balancing (kafka.controller.KafkaController)
[2017-12-18 22:36:19,508] DEBUG [Controller 0]: Preferred replicas by broker Map() (kafka.controller.KafkaController)
[2017-12-18 22:39:25,037] INFO [Controller 0]: New topics: [Set(test)], deleted topics: [Set()], new partition replica assignment [Map([test,0] -> List(0))] (kafka.controller.KafkaController)
[2017-12-18 22:39:25,039] INFO [Controller 0]: New topic creation callback for [test,0] (kafka.controller.KafkaController)
[2017-12-18 22:39:25,047] INFO [Controller 0]: New partition creation callback for [test,0] (kafka.controller.KafkaController)
[2017-12-18 22:39:25,048] INFO [Partition state machine on Controller 0]: Invoking state change to NewPartition for partitions [test,0] (kafka.controller.PartitionStateMachine)
[2017-12-18 22:39:25,056] INFO [Replica state machine on controller 0]: Invoking state change to NewReplica for replicas [Topic=test,Partition=0,Replica=0] (kafka.controller.ReplicaStateMachine)
[2017-12-18 22:39:25,277] INFO [Partition state machine on Controller 0]: Invoking state change to OnlinePartition for partitions [test,0] (kafka.controller.PartitionStateMachine)
[2017-12-18 22:39:25,281] DEBUG [Partition state machine on Controller 0]: Live assigned replicas for partition [test,0] are: [List(0)] (kafka.controller.PartitionStateMachine)
[2017-12-18 22:39:25,288] DEBUG [Partition state machine on Controller 0]: Initializing leader and isr for partition [test,0] to (Leader:0,ISR:0,LeaderEpoch:0,ControllerEpoch:1) (kafka.controller.PartitionStateMachine)
[2017-12-18 22:39:25,519] INFO [Controller-0-to-broker-0-send-thread]: Controller 0 connected to mengchao-ubuntu:9092 (id: 0 rack: null) for sending state change requests (kafka.controller.RequestSendThread)
[2017-12-18 22:39:25,520] INFO [Replica state machine on controller 0]: Invoking state change to OnlineReplica for replicas [Topic=test,Partition=0,Replica=0] (kafka.controller.ReplicaStateMachine)
[2017-12-18 22:39:25,604] INFO [Controller 0]: New topics: [Set(__consumer_offsets)], deleted topics: [Set()], new partition replica assignment [Map([__consumer_offsets,19] -> List(0), [__consumer_offsets,30] -> List(0), [__consumer_offsets,47] -> List(0), [__consumer_offsets,29] -> List(0), [__consumer_offsets,41] -> List(0), [__consumer_offsets,39] -> List(0), [__consumer_offsets,10] -> List(0), [__consumer_offsets,17] -> List(0), [__consumer_offsets,14] -> List(0), [__consumer_offsets,40] -> List(0), [__consumer_offsets,18] -> List(0), [__consumer_offsets,26] -> List(0), [__consumer_offsets,0] -> List(0), [__consumer_offsets,24] -> List(0), [__consumer_offsets,33] -> List(0), [__consumer_offsets,20] -> List(0), [__consumer_offsets,21] -> List(0), [__consumer_offsets,3] -> List(0), [__consumer_offsets,5] -> List(0), [__consumer_offsets,22] -> List(0), [__consumer_offsets,12] -> List(0), [__consumer_offsets,8] -> List(0), [__consumer_offsets,23] -> List(0), [__consumer_offsets,15] -> List(0), [__consumer_offsets,48] -> List(0), [__consumer_offsets,11] -> List(0), [__consumer_offsets,13] -> List(0), [__consumer_offsets,49] -> List(0), [__consumer_offsets,6] -> List(0), [__consumer_offsets,28] -> List(0), [__consumer_offsets,4] -> List(0), [__consumer_offsets,37] -> List(0), [__consumer_offsets,31] -> List(0), [__consumer_offsets,44] -> List(0), [__consumer_offsets,42] -> List(0), [__consumer_offsets,34] -> List(0), [__consumer_offsets,46] -> List(0), [__consumer_offsets,25] -> List(0), [__consumer_offsets,45] -> List(0), [__consumer_offsets,27] -> List(0), [__consumer_offsets,32] -> List(0), [__consumer_offsets,43] -> List(0), [__consumer_offsets,36] -> List(0), [__consumer_offsets,35] -> List(0), [__consumer_offsets,7] -> List(0), [__consumer_offsets,9] -> List(0), [__consumer_offsets,38] -> List(0), [__consumer_offsets,1] -> List(0), [__consumer_offsets,16] -> List(0), [__consumer_offsets,2] -> List(0))] (kafka.controller.KafkaController)
[2017-12-18 22:39:25,606] INFO [Controller 0]: New topic creation callback for [__consumer_offsets,19],[__consumer_offsets,30],[__consumer_offsets,47],[__consumer_offsets,29],[__consumer_offsets,41],[__consumer_offsets,39],[__consumer_offsets,10],[__consumer_offsets,17],[__consumer_offsets,14],[__consumer_offsets,40],[__consumer_offsets,18],[__consumer_offsets,26],[__consumer_offsets,0],[__consumer_offsets,24],[__consumer_offsets,33],[__consumer_offsets,20],[__consumer_offsets,21],[__consumer_offsets,3],[__consumer_offsets,5],[__consumer_offsets,22],[__consumer_offsets,12],[__consumer_offsets,8],[__consumer_offsets,23],[__consumer_offsets,15],[__consumer_offsets,48],[__consumer_offsets,11],[__consumer_offsets,13],[__consumer_offsets,49],[__consumer_offsets,6],[__consumer_offsets,28],[__consumer_offsets,4],[__consumer_offsets,37],[__consumer_offsets,31],[__consumer_offsets,44],[__consumer_offsets,42],[__consumer_offsets,34],[__consumer_offsets,46],[__consumer_offsets,25],[__consumer_offsets,45],[__consumer_offsets,27],[__consumer_offsets,32],[__consumer_offsets,43],[__consumer_offsets,36],[__consumer_offsets,35],[__consumer_offsets,7],[__consumer_offsets,9],[__consumer_offsets,38],[__consumer_offsets,1],[__consumer_offsets,16],[__consumer_offsets,2] (kafka.controller.KafkaController)
[2017-12-18 22:39:25,608] INFO [Controller 0]: New partition creation callback for [__consumer_offsets,19],[__consumer_offsets,30],[__consumer_offsets,47],[__consumer_offsets,29],[__consumer_offsets,41],[__consumer_offsets,39],[__consumer_offsets,10],[__consumer_offsets,17],[__consumer_offsets,14],[__consumer_offsets,40],[__consumer_offsets,18],[__consumer_offsets,26],[__consumer_offsets,0],[__consumer_offsets,24],[__consumer_offsets,33],[__consumer_offsets,20],[__consumer_offsets,21],[__consumer_offsets,3],[__consumer_offsets,5],[__consumer_offsets,22],[__consumer_offsets,12],[__consumer_offsets,8],[__consumer_offsets,23],[__consumer_offsets,15],[__consumer_offsets,48],[__consumer_offsets,11],[__consumer_offsets,13],[__consumer_offsets,49],[__consumer_offsets,6],[__consumer_offsets,28],[__consumer_offsets,4],[__consumer_offsets,37],[__consumer_offsets,31],[__consumer_offsets,44],[__consumer_offsets,42],[__consumer_offsets,34],[__consumer_offsets,46],[__consumer_offsets,25],[__consumer_offsets,45],[__consumer_offsets,27],[__consumer_offsets,32],[__consumer_offsets,43],[__consumer_offsets,36],[__consumer_offsets,35],[__consumer_offsets,7],[__consumer_offsets,9],[__consumer_offsets,38],[__consumer_offsets,1],[__consumer_offsets,16],[__consumer_offsets,2] (kafka.controller.KafkaController)
[2017-12-18 22:39:25,610] INFO [Partition state machine on Controller 0]: Invoking state change to NewPartition for partitions [__consumer_offsets,19],[__consumer_offsets,30],[__consumer_offsets,47],[__consumer_offsets,29],[__consumer_offsets,41],[__consumer_offsets,39],[__consumer_offsets,10],[__consumer_offsets,17],[__consumer_offsets,14],[__consumer_offsets,40],[__consumer_offsets,18],[__consumer_offsets,26],[__consumer_offsets,0],[__consumer_offsets,24],[__consumer_offsets,33],[__consumer_offsets,20],[__consumer_offsets,21],[__consumer_offsets,3],[__consumer_offsets,5],[__consumer_offsets,22],[__consumer_offsets,12],[__consumer_offsets,8],[__consumer_offsets,23],[__consumer_offsets,15],[__consumer_offsets,48],[__consumer_offsets,11],[__consumer_offsets,13],[__consumer_offsets,49],[__consumer_offsets,6],[__consumer_offsets,28],[__consumer_offsets,4],[__consumer_offsets,37],[__consumer_offsets,31],[__consumer_offsets,44],[__consumer_offsets,42],[__consumer_offsets,34],[__consumer_offsets,46],[__consumer_offsets,25],[__consumer_offsets,45],[__consumer_offsets,27],[__consumer_offsets,32],[__consumer_offsets,43],[__consumer_offsets,36],[__consumer_offsets,35],[__consumer_offsets,7],[__consumer_offsets,9],[__consumer_offsets,38],[__consumer_offsets,1],[__consumer_offsets,16],[__consumer_offsets,2] (kafka.controller.PartitionStateMachine)
[2017-12-18 22:39:25,624] INFO [Replica state machine on controller 0]: Invoking state change to NewReplica for replicas [Topic=__consumer_offsets,Partition=25,Replica=0],[Topic=__consumer_offsets,Partition=12,Replica=0],[Topic=__consumer_offsets,Partition=31,Replica=0],[Topic=__consumer_offsets,Partition=40,Replica=0],[Topic=__consumer_offsets,Partition=35,Replica=0],[Topic=__consumer_offsets,Partition=9,Replica=0],[Topic=__consumer_offsets,Partition=43,Replica=0],[Topic=__consumer_offsets,Partition=2,Replica=0],[Topic=__consumer_offsets,Partition=11,Replica=0],[Topic=__consumer_offsets,Partition=29,Replica=0],[Topic=__consumer_offsets,Partition=30,Replica=0],[Topic=__consumer_offsets,Partition=4,Replica=0],[Topic=__consumer_offsets,Partition=42,Replica=0],[Topic=__consumer_offsets,Partition=26,Replica=0],[Topic=__consumer_offsets,Partition=34,Replica=0],[Topic=__consumer_offsets,Partition=17,Replica=0],[Topic=__consumer_offsets,Partition=37,Replica=0],[Topic=__consumer_offsets,Partition=27,Replica=0],[Topic=__consumer_offsets,Partition=10,Replica=0],[Topic=__consumer_offsets,Partition=41,Replica=0],[Topic=__consumer_offsets,Partition=20,Replica=0],[Topic=__consumer_offsets,Partition=28,Replica=0],[Topic=__consumer_offsets,Partition=46,Replica=0],[Topic=__consumer_offsets,Partition=39,Replica=0],[Topic=__consumer_offsets,Partition=47,Replica=0],[Topic=__consumer_offsets,Partition=49,Replica=0],[Topic=__consumer_offsets,Partition=22,Replica=0],[Topic=__consumer_offsets,Partition=1,Replica=0],[Topic=__consumer_offsets,Partition=24,Replica=0],[Topic=__consumer_offsets,Partition=6,Replica=0],[Topic=__consumer_offsets,Partition=36,Replica=0],[Topic=__consumer_offsets,Partition=8,Replica=0],[Topic=__consumer_offsets,Partition=38,Replica=0],[Topic=__consumer_offsets,Partition=16,Replica=0],[Topic=__consumer_offsets,Partition=21,Replica=0],[Topic=__consumer_offsets,Partition=18,Replica=0],[Topic=__consumer_offsets,Partition=0,Replica=0],[Topic=__consumer_offsets,Partition=48,Replica=0],[Topic=__consumer_offsets,Partition=5,Replica=0],[Topic=__consumer_offsets,Partition=13,Replica=0],[Topic=__consumer_offsets,Partition=3,Replica=0],[Topic=__consumer_offsets,Partition=44,Replica=0],[Topic=__consumer_offsets,Partition=15,Replica=0],[Topic=__consumer_offsets,Partition=7,Replica=0],[Topic=__consumer_offsets,Partition=19,Replica=0],[Topic=__consumer_offsets,Partition=33,Replica=0],[Topic=__consumer_offsets,Partition=45,Replica=0],[Topic=__consumer_offsets,Partition=23,Replica=0],[Topic=__consumer_offsets,Partition=32,Replica=0],[Topic=__consumer_offsets,Partition=14,Replica=0] (kafka.controller.ReplicaStateMachine)
[2017-12-18 22:39:25,649] INFO [Partition state machine on Controller 0]: Invoking state change to OnlinePartition for partitions [__consumer_offsets,19],[__consumer_offsets,30],[__consumer_offsets,47],[__consumer_offsets,29],[__consumer_offsets,41],[__consumer_offsets,39],[__consumer_offsets,10],[__consumer_offsets,17],[__consumer_offsets,14],[__consumer_offsets,40],[__consumer_offsets,18],[__consumer_offsets,26],[__consumer_offsets,0],[__consumer_offsets,24],[__consumer_offsets,33],[__consumer_offsets,20],[__consumer_offsets,21],[__consumer_offsets,3],[__consumer_offsets,5],[__consumer_offsets,22],[__consumer_offsets,12],[__consumer_offsets,8],[__consumer_offsets,23],[__consumer_offsets,15],[__consumer_offsets,48],[__consumer_offsets,11],[__consumer_offsets,13],[__consumer_offsets,49],[__consumer_offsets,6],[__consumer_offsets,28],[__consumer_offsets,4],[__consumer_offsets,37],[__consumer_offsets,31],[__consumer_offsets,44],[__consumer_offsets,42],[__consumer_offsets,34],[__consumer_offsets,46],[__consumer_offsets,25],[__consumer_offsets,45],[__consumer_offsets,27],[__consumer_offsets,32],[__consumer_offsets,43],[__consumer_offsets,36],[__consumer_offsets,35],[__consumer_offsets,7],[__consumer_offsets,9],[__consumer_offsets,38],[__consumer_offsets,1],[__consumer_offsets,16],[__consumer_offsets,2] (kafka.controller.PartitionStateMachine)
[2017-12-18 22:39:25,649] DEBUG [Partition state machine on Controller 0]: Live assigned replicas for partition [__consumer_offsets,19] are: [List(0)] (kafka.controller.PartitionStateMachine)
[2017-12-18 22:39:25,649] DEBUG [Partition state machine on Controller 0]: Initializing leader and isr for partition [__consumer_offsets,19] to (Leader:0,ISR:0,LeaderEpoch:0,ControllerEpoch:1) (kafka.controller.PartitionStateMachine)
[2017-12-18 22:39:25,858] DEBUG [Partition state machine on Controller 0]: Live assigned replicas for partition [__consumer_offsets,30] are: [List(0)] (kafka.controller.PartitionStateMachine)
[2017-12-18 22:39:25,858] DEBUG [Partition state machine on Controller 0]: Initializing leader and isr for partition [__consumer_offsets,30] to (Leader:0,ISR:0,LeaderEpoch:0,ControllerEpoch:1) (kafka.controller.PartitionStateMachine)
[2017-12-18 22:39:25,996] DEBUG [Partition state machine on Controller 0]: Live assigned replicas for partition [__consumer_offsets,47] are: [List(0)] (kafka.controller.PartitionStateMachine)
[2017-12-18 22:39:25,997] DEBUG [Partition state machine on Controller 0]: Initializing leader and isr for partition [__consumer_offsets,47] to (Leader:0,ISR:0,LeaderEpoch:0,ControllerEpoch:1) (kafka.controller.PartitionStateMachine)
[2017-12-18 22:39:26,129] DEBUG [Partition state machine on Controller 0]: Live assigned replicas for partition [__consumer_offsets,29] are: [List(0)] (kafka.controller.PartitionStateMachine)
[2017-12-18 22:39:26,130] DEBUG [Partition state machine on Controller 0]: Initializing leader and isr for partition [__consumer_offsets,29] to (Leader:0,ISR:0,LeaderEpoch:0,ControllerEpoch:1) (kafka.controller.PartitionStateMachine)
[2017-12-18 22:39:26,263] DEBUG [Partition state machine on Controller 0]: Live assigned replicas for partition [__consumer_offsets,41] are: [List(0)] (kafka.controller.PartitionStateMachine)
[2017-12-18 22:39:26,263] DEBUG [Partition state machine on Controller 0]: Initializing leader and isr for partition [__consumer_offsets,41] to (Leader:0,ISR:0,LeaderEpoch:0,ControllerEpoch:1) (kafka.controller.PartitionStateMachine)
[2017-12-18 22:39:26,397] DEBUG [Partition state machine on Controller 0]: Live assigned replicas for partition [__consumer_offsets,39] are: [List(0)] (kafka.controller.PartitionStateMachine)
[2017-12-18 22:39:26,397] DEBUG [Partition state machine on Controller 0]: Initializing leader and isr for partition [__consumer_offsets,39] to (Leader:0,ISR:0,LeaderEpoch:0,ControllerEpoch:1) (kafka.controller.PartitionStateMachine)
[2017-12-18 22:39:26,513] DEBUG [Partition state machine on Controller 0]: Live assigned replicas for partition [__consumer_offsets,10] are: [List(0)] (kafka.controller.PartitionStateMachine)
[2017-12-18 22:39:26,514] DEBUG [Partition state machine on Controller 0]: Initializing leader and isr for partition [__consumer_offsets,10] to (Leader:0,ISR:0,LeaderEpoch:0,ControllerEpoch:1) (kafka.controller.PartitionStateMachine)
[2017-12-18 22:39:26,659] DEBUG [Partition state machine on Controller 0]: Live assigned replicas for partition [__consumer_offsets,17] are: [List(0)] (kafka.controller.PartitionStateMachine)
[2017-12-18 22:39:26,659] DEBUG [Partition state machine on Controller 0]: Initializing leader and isr for partition [__consumer_offsets,17] to (Leader:0,ISR:0,LeaderEpoch:0,ControllerEpoch:1) (kafka.controller.PartitionStateMachine)
[2017-12-18 22:39:26,782] DEBUG [Partition state machine on Controller 0]: Live assigned replicas for partition [__consumer_offsets,14] are: [List(0)] (kafka.controller.PartitionStateMachine)
[2017-12-18 22:39:26,782] DEBUG [Partition state machine on Controller 0]: Initializing leader and isr for partition [__consumer_offsets,14] to (Leader:0,ISR:0,LeaderEpoch:0,ControllerEpoch:1) (kafka.controller.PartitionStateMachine)
[2017-12-18 22:39:26,992] DEBUG [Partition state machine on Controller 0]: Live assigned replicas for partition [__consumer_offsets,40] are: [List(0)] (kafka.controller.PartitionStateMachine)
[2017-12-18 22:39:26,993] DEBUG [Partition state machine on Controller 0]: Initializing leader and isr for partition [__consumer_offsets,40] to (Leader:0,ISR:0,LeaderEpoch:0,ControllerEpoch:1) (kafka.controller.PartitionStateMachine)
[2017-12-18 22:39:27,158] DEBUG [Partition state machine on Controller 0]: Live assigned replicas for partition [__consumer_offsets,18] are: [List(0)] (kafka.controller.PartitionStateMachine)
[2017-12-18 22:39:27,158] DEBUG [Partition state machine on Controller 0]: Initializing leader and isr for partition [__consumer_offsets,18] to (Leader:0,ISR:0,LeaderEpoch:0,ControllerEpoch:1) (kafka.controller.PartitionStateMachine)
[2017-12-18 22:39:27,274] DEBUG [Partition state machine on Controller 0]: Live assigned replicas for partition [__consumer_offsets,26] are: [List(0)] (kafka.controller.PartitionStateMachine)
[2017-12-18 22:39:27,275] DEBUG [Partition state machine on Controller 0]: Initializing leader and isr for partition [__consumer_offsets,26] to (Leader:0,ISR:0,LeaderEpoch:0,ControllerEpoch:1) (kafka.controller.PartitionStateMachine)
[2017-12-18 22:39:27,391] DEBUG [Partition state machine on Controller 0]: Live assigned replicas for partition [__consumer_offsets,0] are: [List(0)] (kafka.controller.PartitionStateMachine)
[2017-12-18 22:39:27,391] DEBUG [Partition state machine on Controller 0]: Initializing leader and isr for partition [__consumer_offsets,0] to (Leader:0,ISR:0,LeaderEpoch:0,ControllerEpoch:1) (kafka.controller.PartitionStateMachine)
[2017-12-18 22:39:27,508] DEBUG [Partition state machine on Controller 0]: Live assigned replicas for partition [__consumer_offsets,24] are: [List(0)] (kafka.controller.PartitionStateMachine)
[2017-12-18 22:39:27,508] DEBUG [Partition state machine on Controller 0]: Initializing leader and isr for partition [__consumer_offsets,24] to (Leader:0,ISR:0,LeaderEpoch:0,ControllerEpoch:1) (kafka.controller.PartitionStateMachine)
[2017-12-18 22:39:27,624] DEBUG [Partition state machine on Controller 0]: Live assigned replicas for partition [__consumer_offsets,33] are: [List(0)] (kafka.controller.PartitionStateMachine)
[2017-12-18 22:39:27,625] DEBUG [Partition state machine on Controller 0]: Initializing leader and isr for partition [__consumer_offsets,33] to (Leader:0,ISR:0,LeaderEpoch:0,ControllerEpoch:1) (kafka.controller.PartitionStateMachine)
[2017-12-18 22:39:27,741] DEBUG [Partition state machine on Controller 0]: Live assigned replicas for partition [__consumer_offsets,20] are: [List(0)] (kafka.controller.PartitionStateMachine)
[2017-12-18 22:39:27,741] DEBUG [Partition state machine on Controller 0]: Initializing leader and isr for partition [__consumer_offsets,20] to (Leader:0,ISR:0,LeaderEpoch:0,ControllerEpoch:1) (kafka.controller.PartitionStateMachine)
[2017-12-18 22:39:27,866] DEBUG [Partition state machine on Controller 0]: Live assigned replicas for partition [__consumer_offsets,21] are: [List(0)] (kafka.controller.PartitionStateMachine)
[2017-12-18 22:39:27,866] DEBUG [Partition state machine on Controller 0]: Initializing leader and isr for partition [__consumer_offsets,21] to (Leader:0,ISR:0,LeaderEpoch:0,ControllerEpoch:1) (kafka.controller.PartitionStateMachine)
[2017-12-18 22:39:27,983] DEBUG [Partition state machine on Controller 0]: Live assigned replicas for partition [__consumer_offsets,3] are: [List(0)] (kafka.controller.PartitionStateMachine)
[2017-12-18 22:39:27,983] DEBUG [Partition state machine on Controller 0]: Initializing leader and isr for partition [__consumer_offsets,3] to (Leader:0,ISR:0,LeaderEpoch:0,ControllerEpoch:1) (kafka.controller.PartitionStateMachine)
[2017-12-18 22:39:28,099] DEBUG [Partition state machine on Controller 0]: Live assigned replicas for partition [__consumer_offsets,5] are: [List(0)] (kafka.controller.PartitionStateMachine)
[2017-12-18 22:39:28,100] DEBUG [Partition state machine on Controller 0]: Initializing leader and isr for partition [__consumer_offsets,5] to (Leader:0,ISR:0,LeaderEpoch:0,ControllerEpoch:1) (kafka.controller.PartitionStateMachine)
[2017-12-18 22:39:28,232] DEBUG [Partition state machine on Controller 0]: Live assigned replicas for partition [__consumer_offsets,22] are: [List(0)] (kafka.controller.PartitionStateMachine)
[2017-12-18 22:39:28,233] DEBUG [Partition state machine on Controller 0]: Initializing leader and isr for partition [__consumer_offsets,22] to (Leader:0,ISR:0,LeaderEpoch:0,ControllerEpoch:1) (kafka.controller.PartitionStateMachine)
[2017-12-18 22:39:28,349] DEBUG [Partition state machine on Controller 0]: Live assigned replicas for partition [__consumer_offsets,12] are: [List(0)] (kafka.controller.PartitionStateMachine)
[2017-12-18 22:39:28,349] DEBUG [Partition state machine on Controller 0]: Initializing leader and isr for partition [__consumer_offsets,12] to (Leader:0,ISR:0,LeaderEpoch:0,ControllerEpoch:1) (kafka.controller.PartitionStateMachine)
[2017-12-18 22:39:28,466] DEBUG [Partition state machine on Controller 0]: Live assigned replicas for partition [__consumer_offsets,8] are: [List(0)] (kafka.controller.PartitionStateMachine)
[2017-12-18 22:39:28,466] DEBUG [Partition state machine on Controller 0]: Initializing leader and isr for partition [__consumer_offsets,8] to (Leader:0,ISR:0,LeaderEpoch:0,ControllerEpoch:1) (kafka.controller.PartitionStateMachine)
[2017-12-18 22:39:28,583] DEBUG [Partition state machine on Controller 0]: Live assigned replicas for partition [__consumer_offsets,23] are: [List(0)] (kafka.controller.PartitionStateMachine)
[2017-12-18 22:39:28,583] DEBUG [Partition state machine on Controller 0]: Initializing leader and isr for partition [__consumer_offsets,23] to (Leader:0,ISR:0,LeaderEpoch:0,ControllerEpoch:1) (kafka.controller.PartitionStateMachine)
[2017-12-18 22:39:28,707] DEBUG [Partition state machine on Controller 0]: Live assigned replicas for partition [__consumer_offsets,15] are: [List(0)] (kafka.controller.PartitionStateMachine)
[2017-12-18 22:39:28,707] DEBUG [Partition state machine on Controller 0]: Initializing leader and isr for partition [__consumer_offsets,15] to (Leader:0,ISR:0,LeaderEpoch:0,ControllerEpoch:1) (kafka.controller.PartitionStateMachine)
[2017-12-18 22:39:28,838] DEBUG [Partition state machine on Controller 0]: Live assigned replicas for partition [__consumer_offsets,48] are: [List(0)] (kafka.controller.PartitionStateMachine)
[2017-12-18 22:39:28,839] DEBUG [Partition state machine on Controller 0]: Initializing leader and isr for partition [__consumer_offsets,48] to (Leader:0,ISR:0,LeaderEpoch:0,ControllerEpoch:1) (kafka.controller.PartitionStateMachine)
[2017-12-18 22:39:28,955] DEBUG [Partition state machine on Controller 0]: Live assigned replicas for partition [__consumer_offsets,11] are: [List(0)] (kafka.controller.PartitionStateMachine)
[2017-12-18 22:39:28,955] DEBUG [Partition state machine on Controller 0]: Initializing leader and isr for partition [__consumer_offsets,11] to (Leader:0,ISR:0,LeaderEpoch:0,ControllerEpoch:1) (kafka.controller.PartitionStateMachine)
[2017-12-18 22:39:29,095] DEBUG [Partition state machine on Controller 0]: Live assigned replicas for partition [__consumer_offsets,13] are: [List(0)] (kafka.controller.PartitionStateMachine)
[2017-12-18 22:39:29,095] DEBUG [Partition state machine on Controller 0]: Initializing leader and isr for partition [__consumer_offsets,13] to (Leader:0,ISR:0,LeaderEpoch:0,ControllerEpoch:1) (kafka.controller.PartitionStateMachine)
[2017-12-18 22:39:29,213] DEBUG [Partition state machine on Controller 0]: Live assigned replicas for partition [__consumer_offsets,49] are: [List(0)] (kafka.controller.PartitionStateMachine)
[2017-12-18 22:39:29,213] DEBUG [Partition state machine on Controller 0]: Initializing leader and isr for partition [__consumer_offsets,49] to (Leader:0,ISR:0,LeaderEpoch:0,ControllerEpoch:1) (kafka.controller.PartitionStateMachine)
[2017-12-18 22:39:29,330] DEBUG [Partition state machine on Controller 0]: Live assigned replicas for partition [__consumer_offsets,6] are: [List(0)] (kafka.controller.PartitionStateMachine)
[2017-12-18 22:39:29,330] DEBUG [Partition state machine on Controller 0]: Initializing leader and isr for partition [__consumer_offsets,6] to (Leader:0,ISR:0,LeaderEpoch:0,ControllerEpoch:1) (kafka.controller.PartitionStateMachine)
[2017-12-18 22:39:29,472] DEBUG [Partition state machine on Controller 0]: Live assigned replicas for partition [__consumer_offsets,28] are: [List(0)] (kafka.controller.PartitionStateMachine)
[2017-12-18 22:39:29,472] DEBUG [Partition state machine on Controller 0]: Initializing leader and isr for partition [__consumer_offsets,28] to (Leader:0,ISR:0,LeaderEpoch:0,ControllerEpoch:1) (kafka.controller.PartitionStateMachine)
[2017-12-18 22:39:29,588] DEBUG [Partition state machine on Controller 0]: Live assigned replicas for partition [__consumer_offsets,4] are: [List(0)] (kafka.controller.PartitionStateMachine)
[2017-12-18 22:39:29,589] DEBUG [Partition state machine on Controller 0]: Initializing leader and isr for partition [__consumer_offsets,4] to (Leader:0,ISR:0,LeaderEpoch:0,ControllerEpoch:1) (kafka.controller.PartitionStateMachine)
[2017-12-18 22:39:29,704] DEBUG [Partition state machine on Controller 0]: Live assigned replicas for partition [__consumer_offsets,37] are: [List(0)] (kafka.controller.PartitionStateMachine)
[2017-12-18 22:39:29,704] DEBUG [Partition state machine on Controller 0]: Initializing leader and isr for partition [__consumer_offsets,37] to (Leader:0,ISR:0,LeaderEpoch:0,ControllerEpoch:1) (kafka.controller.PartitionStateMachine)
[2017-12-18 22:39:29,821] DEBUG [Partition state machine on Controller 0]: Live assigned replicas for partition [__consumer_offsets,31] are: [List(0)] (kafka.controller.PartitionStateMachine)
[2017-12-18 22:39:29,822] DEBUG [Partition state machine on Controller 0]: Initializing leader and isr for partition [__consumer_offsets,31] to (Leader:0,ISR:0,LeaderEpoch:0,ControllerEpoch:1) (kafka.controller.PartitionStateMachine)
[2017-12-18 22:39:29,947] DEBUG [Partition state machine on Controller 0]: Live assigned replicas for partition [__consumer_offsets,44] are: [List(0)] (kafka.controller.PartitionStateMachine)
[2017-12-18 22:39:29,947] DEBUG [Partition state machine on Controller 0]: Initializing leader and isr for partition [__consumer_offsets,44] to (Leader:0,ISR:0,LeaderEpoch:0,ControllerEpoch:1) (kafka.controller.PartitionStateMachine)
[2017-12-18 22:39:30,063] DEBUG [Partition state machine on Controller 0]: Live assigned replicas for partition [__consumer_offsets,42] are: [List(0)] (kafka.controller.PartitionStateMachine)
[2017-12-18 22:39:30,063] DEBUG [Partition state machine on Controller 0]: Initializing leader and isr for partition [__consumer_offsets,42] to (Leader:0,ISR:0,LeaderEpoch:0,ControllerEpoch:1) (kafka.controller.PartitionStateMachine)
[2017-12-18 22:39:30,180] DEBUG [Partition state machine on Controller 0]: Live assigned replicas for partition [__consumer_offsets,34] are: [List(0)] (kafka.controller.PartitionStateMachine)
[2017-12-18 22:39:30,180] DEBUG [Partition state machine on Controller 0]: Initializing leader and isr for partition [__consumer_offsets,34] to (Leader:0,ISR:0,LeaderEpoch:0,ControllerEpoch:1) (kafka.controller.PartitionStateMachine)
[2017-12-18 22:39:30,321] DEBUG [Partition state machine on Controller 0]: Live assigned replicas for partition [__consumer_offsets,46] are: [List(0)] (kafka.controller.PartitionStateMachine)
[2017-12-18 22:39:30,322] DEBUG [Partition state machine on Controller 0]: Initializing leader and isr for partition [__consumer_offsets,46] to (Leader:0,ISR:0,LeaderEpoch:0,ControllerEpoch:1) (kafka.controller.PartitionStateMachine)
[2017-12-18 22:39:30,438] DEBUG [Partition state machine on Controller 0]: Live assigned replicas for partition [__consumer_offsets,25] are: [List(0)] (kafka.controller.PartitionStateMachine)
[2017-12-18 22:39:30,438] DEBUG [Partition state machine on Controller 0]: Initializing leader and isr for partition [__consumer_offsets,25] to (Leader:0,ISR:0,LeaderEpoch:0,ControllerEpoch:1) (kafka.controller.PartitionStateMachine)
[2017-12-18 22:39:30,555] DEBUG [Partition state machine on Controller 0]: Live assigned replicas for partition [__consumer_offsets,45] are: [List(0)] (kafka.controller.PartitionStateMachine)
[2017-12-18 22:39:30,555] DEBUG [Partition state machine on Controller 0]: Initializing leader and isr for partition [__consumer_offsets,45] to (Leader:0,ISR:0,LeaderEpoch:0,ControllerEpoch:1) (kafka.controller.PartitionStateMachine)
[2017-12-18 22:39:30,712] DEBUG [Partition state machine on Controller 0]: Live assigned replicas for partition [__consumer_offsets,27] are: [List(0)] (kafka.controller.PartitionStateMachine)
[2017-12-18 22:39:30,713] DEBUG [Partition state machine on Controller 0]: Initializing leader and isr for partition [__consumer_offsets,27] to (Leader:0,ISR:0,LeaderEpoch:0,ControllerEpoch:1) (kafka.controller.PartitionStateMachine)
[2017-12-18 22:39:30,846] DEBUG [Partition state machine on Controller 0]: Live assigned replicas for partition [__consumer_offsets,32] are: [List(0)] (kafka.controller.PartitionStateMachine)
[2017-12-18 22:39:30,847] DEBUG [Partition state machine on Controller 0]: Initializing leader and isr for partition [__consumer_offsets,32] to (Leader:0,ISR:0,LeaderEpoch:0,ControllerEpoch:1) (kafka.controller.PartitionStateMachine)
[2017-12-18 22:39:30,963] DEBUG [Partition state machine on Controller 0]: Live assigned replicas for partition [__consumer_offsets,43] are: [List(0)] (kafka.controller.PartitionStateMachine)
[2017-12-18 22:39:30,963] DEBUG [Partition state machine on Controller 0]: Initializing leader and isr for partition [__consumer_offsets,43] to (Leader:0,ISR:0,LeaderEpoch:0,ControllerEpoch:1) (kafka.controller.PartitionStateMachine)
[2017-12-18 22:39:31,088] DEBUG [Partition state machine on Controller 0]: Live assigned replicas for partition [__consumer_offsets,36] are: [List(0)] (kafka.controller.PartitionStateMachine)
[2017-12-18 22:39:31,089] DEBUG [Partition state machine on Controller 0]: Initializing leader and isr for partition [__consumer_offsets,36] to (Leader:0,ISR:0,LeaderEpoch:0,ControllerEpoch:1) (kafka.controller.PartitionStateMachine)
[2017-12-18 22:39:31,205] DEBUG [Partition state machine on Controller 0]: Live assigned replicas for partition [__consumer_offsets,35] are: [List(0)] (kafka.controller.PartitionStateMachine)
[2017-12-18 22:39:31,205] DEBUG [Partition state machine on Controller 0]: Initializing leader and isr for partition [__consumer_offsets,35] to (Leader:0,ISR:0,LeaderEpoch:0,ControllerEpoch:1) (kafka.controller.PartitionStateMachine)
[2017-12-18 22:39:31,322] DEBUG [Partition state machine on Controller 0]: Live assigned replicas for partition [__consumer_offsets,7] are: [List(0)] (kafka.controller.PartitionStateMachine)
[2017-12-18 22:39:31,322] DEBUG [Partition state machine on Controller 0]: Initializing leader and isr for partition [__consumer_offsets,7] to (Leader:0,ISR:0,LeaderEpoch:0,ControllerEpoch:1) (kafka.controller.PartitionStateMachine)
[2017-12-18 22:39:31,463] DEBUG [Partition state machine on Controller 0]: Live assigned replicas for partition [__consumer_offsets,9] are: [List(0)] (kafka.controller.PartitionStateMachine)
[2017-12-18 22:39:31,463] DEBUG [Partition state machine on Controller 0]: Initializing leader and isr for partition [__consumer_offsets,9] to (Leader:0,ISR:0,LeaderEpoch:0,ControllerEpoch:1) (kafka.controller.PartitionStateMachine)
[2017-12-18 22:39:31,580] DEBUG [Partition state machine on Controller 0]: Live assigned replicas for partition [__consumer_offsets,38] are: [List(0)] (kafka.controller.PartitionStateMachine)
[2017-12-18 22:39:31,580] DEBUG [Partition state machine on Controller 0]: Initializing leader and isr for partition [__consumer_offsets,38] to (Leader:0,ISR:0,LeaderEpoch:0,ControllerEpoch:1) (kafka.controller.PartitionStateMachine)
[2017-12-18 22:39:31,697] DEBUG [Partition state machine on Controller 0]: Live assigned replicas for partition [__consumer_offsets,1] are: [List(0)] (kafka.controller.PartitionStateMachine)
[2017-12-18 22:39:31,697] DEBUG [Partition state machine on Controller 0]: Initializing leader and isr for partition [__consumer_offsets,1] to (Leader:0,ISR:0,LeaderEpoch:0,ControllerEpoch:1) (kafka.controller.PartitionStateMachine)
[2017-12-18 22:39:31,822] DEBUG [Partition state machine on Controller 0]: Live assigned replicas for partition [__consumer_offsets,16] are: [List(0)] (kafka.controller.PartitionStateMachine)
[2017-12-18 22:39:31,822] DEBUG [Partition state machine on Controller 0]: Initializing leader and isr for partition [__consumer_offsets,16] to (Leader:0,ISR:0,LeaderEpoch:0,ControllerEpoch:1) (kafka.controller.PartitionStateMachine)
[2017-12-18 22:39:31,938] DEBUG [Partition state machine on Controller 0]: Live assigned replicas for partition [__consumer_offsets,2] are: [List(0)] (kafka.controller.PartitionStateMachine)
[2017-12-18 22:39:31,938] DEBUG [Partition state machine on Controller 0]: Initializing leader and isr for partition [__consumer_offsets,2] to (Leader:0,ISR:0,LeaderEpoch:0,ControllerEpoch:1) (kafka.controller.PartitionStateMachine)
[2017-12-18 22:39:32,096] INFO [Replica state machine on controller 0]: Invoking state change to OnlineReplica for replicas [Topic=__consumer_offsets,Partition=25,Replica=0],[Topic=__consumer_offsets,Partition=12,Replica=0],[Topic=__consumer_offsets,Partition=31,Replica=0],[Topic=__consumer_offsets,Partition=40,Replica=0],[Topic=__consumer_offsets,Partition=35,Replica=0],[Topic=__consumer_offsets,Partition=9,Replica=0],[Topic=__consumer_offsets,Partition=43,Replica=0],[Topic=__consumer_offsets,Partition=2,Replica=0],[Topic=__consumer_offsets,Partition=11,Replica=0],[Topic=__consumer_offsets,Partition=29,Replica=0],[Topic=__consumer_offsets,Partition=30,Replica=0],[Topic=__consumer_offsets,Partition=4,Replica=0],[Topic=__consumer_offsets,Partition=42,Replica=0],[Topic=__consumer_offsets,Partition=26,Replica=0],[Topic=__consumer_offsets,Partition=34,Replica=0],[Topic=__consumer_offsets,Partition=17,Replica=0],[Topic=__consumer_offsets,Partition=37,Replica=0],[Topic=__consumer_offsets,Partition=27,Replica=0],[Topic=__consumer_offsets,Partition=10,Replica=0],[Topic=__consumer_offsets,Partition=41,Replica=0],[Topic=__consumer_offsets,Partition=20,Replica=0],[Topic=__consumer_offsets,Partition=28,Replica=0],[Topic=__consumer_offsets,Partition=46,Replica=0],[Topic=__consumer_offsets,Partition=39,Replica=0],[Topic=__consumer_offsets,Partition=47,Replica=0],[Topic=__consumer_offsets,Partition=49,Replica=0],[Topic=__consumer_offsets,Partition=22,Replica=0],[Topic=__consumer_offsets,Partition=1,Replica=0],[Topic=__consumer_offsets,Partition=24,Replica=0],[Topic=__consumer_offsets,Partition=6,Replica=0],[Topic=__consumer_offsets,Partition=36,Replica=0],[Topic=__consumer_offsets,Partition=8,Replica=0],[Topic=__consumer_offsets,Partition=38,Replica=0],[Topic=__consumer_offsets,Partition=16,Replica=0],[Topic=__consumer_offsets,Partition=21,Replica=0],[Topic=__consumer_offsets,Partition=18,Replica=0],[Topic=__consumer_offsets,Partition=0,Replica=0],[Topic=__consumer_offsets,Partition=48,Replica=0],[Topic=__consumer_offsets,Partition=5,Replica=0],[Topic=__consumer_offsets,Partition=13,Replica=0],[Topic=__consumer_offsets,Partition=3,Replica=0],[Topic=__consumer_offsets,Partition=44,Replica=0],[Topic=__consumer_offsets,Partition=15,Replica=0],[Topic=__consumer_offsets,Partition=7,Replica=0],[Topic=__consumer_offsets,Partition=19,Replica=0],[Topic=__consumer_offsets,Partition=33,Replica=0],[Topic=__consumer_offsets,Partition=45,Replica=0],[Topic=__consumer_offsets,Partition=23,Replica=0],[Topic=__consumer_offsets,Partition=32,Replica=0],[Topic=__consumer_offsets,Partition=14,Replica=0] (kafka.controller.ReplicaStateMachine)
[2017-12-18 22:41:19,509] TRACE [Controller 0]: Checking need to trigger auto leader balancing (kafka.controller.KafkaController)
[2017-12-18 22:41:19,513] DEBUG [Controller 0]: Preferred replicas by broker Map(0 -> Map([__consumer_offsets,19] -> List(0), [__consumer_offsets,30] -> List(0), [__consumer_offsets,47] -> List(0), [__consumer_offsets,29] -> List(0), [__consumer_offsets,41] -> List(0), [__consumer_offsets,39] -> List(0), [__consumer_offsets,10] -> List(0), [__consumer_offsets,17] -> List(0), [__consumer_offsets,14] -> List(0), [__consumer_offsets,40] -> List(0), [__consumer_offsets,18] -> List(0), [__consumer_offsets,0] -> List(0), [__consumer_offsets,26] -> List(0), [__consumer_offsets,24] -> List(0), [__consumer_offsets,33] -> List(0), [__consumer_offsets,20] -> List(0), [__consumer_offsets,21] -> List(0), [__consumer_offsets,3] -> List(0), [__consumer_offsets,5] -> List(0), [__consumer_offsets,22] -> List(0), [__consumer_offsets,12] -> List(0), [__consumer_offsets,8] -> List(0), [__consumer_offsets,23] -> List(0), [__consumer_offsets,15] -> List(0), [__consumer_offsets,48] -> List(0), [__consumer_offsets,11] -> List(0), [__consumer_offsets,13] -> List(0), [__consumer_offsets,49] -> List(0), [__consumer_offsets,6] -> List(0), [__consumer_offsets,28] -> List(0), [__consumer_offsets,4] -> List(0), [__consumer_offsets,37] -> List(0), [__consumer_offsets,31] -> List(0), [__consumer_offsets,44] -> List(0), [__consumer_offsets,42] -> List(0), [__consumer_offsets,34] -> List(0), [__consumer_offsets,46] -> List(0), [__consumer_offsets,25] -> List(0), [__consumer_offsets,45] -> List(0), [__consumer_offsets,27] -> List(0), [__consumer_offsets,32] -> List(0), [__consumer_offsets,43] -> List(0), [__consumer_offsets,36] -> List(0), [__consumer_offsets,35] -> List(0), [__consumer_offsets,7] -> List(0), [test,0] -> List(0), [__consumer_offsets,9] -> List(0), [__consumer_offsets,38] -> List(0), [__consumer_offsets,1] -> List(0), [__consumer_offsets,16] -> List(0), [__consumer_offsets,2] -> List(0))) (kafka.controller.KafkaController)
[2017-12-18 22:41:19,516] DEBUG [Controller 0]: Topics not in preferred replica Map() (kafka.controller.KafkaController)
[2017-12-18 22:41:19,517] TRACE [Controller 0]: Leader imbalance ratio for broker 0 is 0.0 (kafka.controller.KafkaController)
